2025-12-02 17:13:00 | DEBUG | repo=auction | action=commit
2025-07-05 14:04:00 | DEBUG | repo=auction | action=commit
2025-02-01 16:48:00 | DEBUG | repo=auction | action=commit
2025-11-13 16:36:00 | WARN | repo=auction | action=pull
2025-09-25 14:51:00 | WARN | repo=auction | action=commit
2025-06-04 08:21:00 | WARN | repo=auction | action=commit
2025-09-21 20:31:00 | WARN | repo=auction | action=commit
2025-04-24 12:36:00 | DEBUG | repo=auction | action=commit
2025-05-04 07:42:00 | DEBUG | repo=auction | action=commit
2025-10-10 17:29:00 | DEBUG | repo=auction | action=commit
2025-09-24 20:59:00 | INFO | repo=auction | action=test | passed=true
2025-02-23 14:04:00 | WARN | repo=auction | action=commit
2025-08-11 11:51:00 | WARN | repo=auction | action=commit
2025-06-14 07:09:00 | WARN | repo=auction | action=commit
2025-09-28 07:30:00 | WARN | repo=auction | action=commit
2025-11-20 17:49:00 | WARN | repo=auction | action=commit
2025-09-27 14:17:00 | DEBUG | repo=auction | action=commit
2025-02-09 12:12:00 | INFO | repo=auction | action=commit
2025-10-27 12:32:00 | DEBUG | repo=auction | action=test | passed=true
2025-11-17 18:35:00 | WARN | repo=auction | action=commit
2025-09-15 08:09:00 | WARN | repo=auction | action=commit
2025-01-01 07:53:00 | INFO | repo=auction | action=commit
2025-03-21 16:05:00 | WARN | repo=auction | action=pull
2025-01-03 10:15:00 | WARN | repo=auction | action=edit | files=2
2025-05-04 08:25:00 | DEBUG | repo=auction | action=commit
2025-11-19 18:52:00 | DEBUG | repo=auction | action=commit
2025-07-25 19:59:00 | DEBUG | repo=auction | action=edit | files=5
2025-01-24 17:42:00 | WARN | repo=auction | action=commit
2025-04-25 21:58:00 | WARN | repo=auction | action=commit
2025-10-06 10:53:00 | WARN | repo=auction | action=commit
2025-11-25 14:45:00 | INFO | repo=auction | action=commit
2025-08-25 10:16:00 | WARN | repo=auction | action=commit
2025-03-16 08:44:00 | DEBUG | repo=auction | action=commit
2025-03-09 17:15:00 | INFO | repo=auction | action=commit
2025-11-23 21:30:00 | WARN | repo=auction | action=pull
2025-06-27 07:48:00 | DEBUG | repo=auction | action=commit
2025-08-06 08:14:00 | DEBUG | repo=auction | action=commit
2025-01-14 10:45:00 | WARN | repo=auction | action=commit
2025-01-06 12:25:00 | INFO | repo=auction | action=commit
2025-12-19 09:27:00 | INFO | repo=auction | action=commit
2025-10-16 20:05:00 | INFO | repo=auction | action=edit | files=5
2025-11-19 07:53:00 | WARN | repo=auction | action=commit
2025-12-02 13:01:00 | INFO | repo=auction | action=test | passed=true
2025-05-26 12:27:00 | INFO | repo=auction | action=pull
2025-06-24 15:04:00 | DEBUG | repo=auction | action=pull
2025-02-14 18:02:00 | INFO | repo=auction | action=commit
2025-03-18 18:24:00 | INFO | repo=auction | action=edit | files=3
2025-02-08 20:02:00 | DEBUG | repo=auction | action=commit
2025-12-09 17:08:00 | WARN | repo=auction | action=test | passed=true
2025-09-16 15:01:00 | INFO | repo=auction | action=edit | files=4
2025-02-12 13:24:00 | DEBUG | repo=auction | action=commit
2025-06-16 14:02:00 | DEBUG | repo=auction | action=commit
2025-06-25 08:27:00 | DEBUG | repo=auction | action=pull
2025-04-02 08:28:00 | WARN | repo=auction | action=commit
2025-09-04 11:39:00 | INFO | repo=auction | action=commit
2025-10-17 20:13:00 | INFO | repo=auction | action=edit | files=5
2025-06-08 12:14:00 | INFO | repo=auction | action=pull
2025-06-24 07:26:00 | INFO | repo=auction | action=edit | files=3
2025-02-09 07:39:00 | DEBUG | repo=auction | action=commit
2025-06-07 07:28:00 | INFO | repo=auction | action=commit
2025-06-15 19:59:00 | WARN | repo=auction | action=pull
2025-12-03 09:26:00 | DEBUG | repo=auction | action=commit
2025-07-20 16:21:00 | DEBUG | repo=auction | action=pull
2025-03-28 18:11:00 | DEBUG | repo=auction | action=commit
2025-04-26 19:33:00 | INFO | repo=auction | action=edit | files=2
2025-04-14 21:28:00 | DEBUG | repo=auction | action=edit | files=2
2025-04-06 20:39:00 | WARN | repo=auction | action=commit
2025-11-08 09:43:00 | WARN | repo=auction | action=commit
2025-06-20 08:24:00 | WARN | repo=auction | action=commit
2025-02-24 14:16:00 | DEBUG | repo=auction | action=commit
